#
# There is insufficient memory for the Java Runtime Environment to continue.
# Native memory allocation (mmap) failed to map 179306496 bytes for G1 virtual space
# Possible reasons:
#   The system is out of physical RAM or swap space
#   The process is running with CompressedOops enabled, and the Java Heap may be blocking the growth of the native heap
# Possible solutions:
#   Reduce memory load on the system
#   Increase physical memory or swap space
#   Check if swap backing store is full
#   Decrease Java heap size (-Xmx/-Xms)
#   Decrease number of Java threads
#   Decrease Java thread stack sizes (-Xss)
#   Set larger code cache with -XX:ReservedCodeCacheSize=
#   JVM is running with Unscaled Compressed Oops mode in which the Java heap is
#     placed in the first 4GB address space. The Java Heap base address is the
#     maximum limit for the native heap growth. Please use -XX:HeapBaseMinAddress
#     to set the Java Heap base and to place the Java Heap above 4GB virtual address.
# This output file may be truncated or incomplete.
#
#  Out of Memory Error (os_windows.cpp:3771), pid=16920, tid=33600
#
# JRE version: OpenJDK Runtime Environment (17.0.7) (build 17.0.7+0-b2043.56-10550314)
# Java VM: OpenJDK 64-Bit Server VM (17.0.7+0-b2043.56-10550314, mixed mode, tiered, compressed oops, compressed class ptrs, g1 gc, windows-amd64)
# No core dump will be written. Minidumps are not enabled by default on client versions of Windows
#

---------------  S U M M A R Y ------------

Command Line: org.jetbrains.kotlin.cli.jvm.K2JVMCompiler @C:\Users\Keightly\AndroidStudioProjects\SyncPlus\app\build\20240503_9099604227545644124.compiler.options

Host: AMD Ryzen 5 5500U with Radeon Graphics         , 12 cores, 7G,  Windows 11 , 64 bit Build 22621 (10.0.22621.3374)
Time: Fri May  3 15:28:35 2024 South Africa Standard Time elapsed time: 98.293800 seconds (0d 0h 1m 38s)

---------------  T H R E A D  ---------------

Current thread (0x000002b9ffef3370):  VMThread "VM Thread" [stack: 0x000000d412800000,0x000000d412900000] [id=33600]

Stack: [0x000000d412800000,0x000000d412900000]
Native frames: (J=compiled Java code, j=interpreted, Vv=VM code, C=native code)
V  [jvm.dll+0x683bfa]
V  [jvm.dll+0x8430a4]
V  [jvm.dll+0x8449be]
V  [jvm.dll+0x845023]
V  [jvm.dll+0x24ad2f]
V  [jvm.dll+0x680ac9]
V  [jvm.dll+0x67519a]
V  [jvm.dll+0x30b3cb]
V  [jvm.dll+0x312876]
V  [jvm.dll+0x36221e]
V  [jvm.dll+0x36244f]
V  [jvm.dll+0x2e14a8]
V  [jvm.dll+0x2df684]
V  [jvm.dll+0x2dec8c]
V  [jvm.dll+0x32382b]
V  [jvm.dll+0x8496eb]
V  [jvm.dll+0x84a424]
V  [jvm.dll+0x84a93d]
V  [jvm.dll+0x84ad14]
V  [jvm.dll+0x84ade0]
V  [jvm.dll+0x7f2aea]
V  [jvm.dll+0x682a35]
C  [ucrtbase.dll+0x29333]
C  [KERNEL32.DLL+0x1257d]
C  [ntdll.dll+0x5aa48]

VM_Operation (0x000000d4122ff2d0): G1CollectForAllocation, mode: safepoint, requested by thread 0x000002b997cedef0


---------------  P R O C E S S  ---------------

Threads class SMR info:
_java_thread_list=0x000002b997c29110, length=12, elements={
0x000002b9fff1b270, 0x000002b9fff1bee0, 0x000002b99115d830, 0x000002b9911601f0,
0x000002b991160ba0, 0x000002b991163d70, 0x000002b99116ff60, 0x000002b991170a00,
0x000002b9911713f0, 0x000002b9912cb340, 0x000002b9912db870, 0x000002b997cedef0
}

Java Threads: ( => current thread )
  0x000002b9fff1b270 JavaThread "Reference Handler" daemon [_thread_blocked, id=28016, stack(0x000000d412900000,0x000000d412a00000)]
  0x000002b9fff1bee0 JavaThread "Finalizer" daemon [_thread_blocked, id=33044, stack(0x000000d412a00000,0x000000d412b00000)]
  0x000002b99115d830 JavaThread "Signal Dispatcher" daemon [_thread_blocked, id=5644, stack(0x000000d412b00000,0x000000d412c00000)]
  0x000002b9911601f0 JavaThread "Attach Listener" daemon [_thread_blocked, id=36924, stack(0x000000d412c00000,0x000000d412d00000)]
  0x000002b991160ba0 JavaThread "Service Thread" daemon [_thread_blocked, id=29920, stack(0x000000d412d00000,0x000000d412e00000)]
  0x000002b991163d70 JavaThread "Monitor Deflation Thread" daemon [_thread_blocked, id=29240, stack(0x000000d412e00000,0x000000d412f00000)]
  0x000002b99116ff60 JavaThread "C2 CompilerThread0" daemon [_thread_blocked, id=24980, stack(0x000000d412f00000,0x000000d413000000)]
  0x000002b991170a00 JavaThread "C1 CompilerThread0" daemon [_thread_blocked, id=37648, stack(0x000000d413000000,0x000000d413100000)]
  0x000002b9911713f0 JavaThread "Sweeper thread" daemon [_thread_blocked, id=21288, stack(0x000000d413100000,0x000000d413200000)]
  0x000002b9912cb340 JavaThread "Notification Thread" daemon [_thread_blocked, id=1004, stack(0x000000d413200000,0x000000d413300000)]
  0x000002b9912db870 JavaThread "Common-Cleaner" daemon [_thread_blocked, id=24132, stack(0x000000d413400000,0x000000d413500000)]
  0x000002b997cedef0 JavaThread "Unknown thread" [_thread_blocked, id=30348, stack(0x000000d412200000,0x000000d412300000)]

Other Threads:
=>0x000002b9ffef3370 VMThread "VM Thread" [stack: 0x000000d412800000,0x000000d412900000] [id=33600]
  0x000002b9f726e1c0 WatcherThread [stack: 0x000000d413300000,0x000000d413400000] [id=19580]
  0x000002b9f7257630 GCTaskThread "GC Thread#0" [stack: 0x000000d412300000,0x000000d412400000] [id=34116]
  0x000002b9919bfd70 GCTaskThread "GC Thread#1" [stack: 0x000000d413500000,0x000000d413600000] [id=33448]
  0x000002b9919ec510 GCTaskThread "GC Thread#2" [stack: 0x000000d413600000,0x000000d413700000] [id=36316]
  0x000002b9919ec7c0 GCTaskThread "GC Thread#3" [stack: 0x000000d413700000,0x000000d413800000] [id=39792]
  0x000002b99151e410 GCTaskThread "GC Thread#4" [stack: 0x000000d413800000,0x000000d413900000] [id=39072]
  0x000002b99151e6c0 GCTaskThread "GC Thread#5" [stack: 0x000000d413900000,0x000000d413a00000] [id=36672]
  0x000002b9917dc860 GCTaskThread "GC Thread#6" [stack: 0x000000d413a00000,0x000000d413b00000] [id=33836]
  0x000002b991af1930 GCTaskThread "GC Thread#7" [stack: 0x000000d413b00000,0x000000d413c00000] [id=1380]
  0x000002b99604b4c0 GCTaskThread "GC Thread#8" [stack: 0x000000d413e00000,0x000000d413f00000] [id=14480]
  0x000002b996049c90 GCTaskThread "GC Thread#9" [stack: 0x000000d413f00000,0x000000d414000000] [id=24736]
  0x000002b9f72671f0 ConcurrentGCThread "G1 Main Marker" [stack: 0x000000d412400000,0x000000d412500000] [id=19528]
  0x000002b9f72683a0 ConcurrentGCThread "G1 Conc#0" [stack: 0x000000d412500000,0x000000d412600000] [id=22620]
  0x000002b991c76a50 ConcurrentGCThread "G1 Conc#1" [stack: 0x000000d413c00000,0x000000d413d00000] [id=5748]
  0x000002b991d41440 ConcurrentGCThread "G1 Conc#2" [stack: 0x000000d413d00000,0x000000d413e00000] [id=31904]
  0x000002b9ffd524c0 ConcurrentGCThread "G1 Refine#0" [stack: 0x000000d412600000,0x000000d412700000] [id=14660]
  0x000002b997373180 ConcurrentGCThread "G1 Refine#1" [stack: 0x000000d411f00000,0x000000d412000000] [id=28800]
  0x000002b9985819e0 ConcurrentGCThread "G1 Refine#2" [stack: 0x000000d412000000,0x000000d412100000] [id=34604]
  0x000002b9ffd52ee0 ConcurrentGCThread "G1 Service" [stack: 0x000000d412700000,0x000000d412800000] [id=14780]

Threads with active compile tasks:

VM state: at safepoint (normal execution)

VM Mutex/Monitor currently owned by a thread:  ([mutex/lock_event])
[0x000002b9f71fa600] Threads_lock - owner thread: 0x000002b9ffef3370
[0x000002b9f71fa450] Heap_lock - owner thread: 0x000002b997cedef0

Heap address: 0x0000000089c00000, size: 1892 MB, Compressed Oops mode: 32-bit

CDS archive(s) not mapped
Compressed class space mapped at: 0x0000000100000000-0x0000000140000000, reserved size: 1073741824
Narrow klass base: 0x0000000000000000, Narrow klass shift: 3, Narrow klass range: 0x140000000

GC Precious Log:
 CPUs: 12 total, 12 available
 Memory: 7563M
 Large Page Support: Disabled
 NUMA Support: Disabled
 Compressed Oops: Enabled (32-bit)
 Heap Region Size: 1M
 Heap Min Capacity: 8M
 Heap Initial Capacity: 120M
 Heap Max Capacity: 1892M
 Pre-touch: Disabled
 Parallel Workers: 10
 Concurrent Workers: 3
 Concurrent Refinement Workers: 10
 Periodic GC: Disabled

Heap:
 garbage-first heap   total 177152K, used 80384K [0x0000000089c00000, 0x0000000100000000)
  region size 1024K, 3 young (3072K), 3 survivors (3072K)
 Metaspace       used 80495K, committed 80704K, reserved 1179648K
  class space    used 8432K, committed 8512K, reserved 1048576K

Heap Regions: E=young(eden), S=young(survivor), O=old, HS=humongous(starts), HC=humongous(continues), CS=collection set, F=free, OA=open archive, CA=closed archive, TAMS=top-at-mark-start (previous, next)
|   0|0x0000000089c00000, 0x0000000089d00000, 0x0000000089d00000|100%|HS|  |TAMS 0x0000000089d00000, 0x0000000089d00000| Complete 
|   1|0x0000000089d00000, 0x0000000089e00000, 0x0000000089e00000|100%|HC|  |TAMS 0x0000000089e00000, 0x0000000089e00000| Complete 
|   2|0x0000000089e00000, 0x0000000089f00000, 0x0000000089f00000|100%|HC|  |TAMS 0x0000000089f00000, 0x0000000089f00000| Complete 
|   3|0x0000000089f00000, 0x000000008a000000, 0x000000008a000000|100%|HC|  |TAMS 0x000000008a000000, 0x000000008a000000| Complete 
|   4|0x000000008a000000, 0x000000008a100000, 0x000000008a100000|100%| O|  |TAMS 0x000000008a100000, 0x000000008a100000| Untracked 
|   5|0x000000008a100000, 0x000000008a200000, 0x000000008a200000|100%| O|  |TAMS 0x000000008a200000, 0x000000008a200000| Untracked 
|   6|0x000000008a200000, 0x000000008a300000, 0x000000008a300000|100%| O|  |TAMS 0x000000008a300000, 0x000000008a300000| Untracked 
|   7|0x000000008a300000, 0x000000008a400000, 0x000000008a400000|100%| O|  |TAMS 0x000000008a400000, 0x000000008a400000| Untracked 
|   8|0x000000008a400000, 0x000000008a500000, 0x000000008a500000|100%| O|  |TAMS 0x000000008a500000, 0x000000008a500000| Untracked 
|   9|0x000000008a500000, 0x000000008a600000, 0x000000008a600000|100%| O|  |TAMS 0x000000008a600000, 0x000000008a600000| Untracked 
|  10|0x000000008a600000, 0x000000008a700000, 0x000000008a700000|100%| O|  |TAMS 0x000000008a700000, 0x000000008a700000| Untracked 
|  11|0x000000008a700000, 0x000000008a800000, 0x000000008a800000|100%| O|  |TAMS 0x000000008a800000, 0x000000008a800000| Untracked 
|  12|0x000000008a800000, 0x000000008a900000, 0x000000008a900000|100%| O|  |TAMS 0x000000008a900000, 0x000000008a900000| Untracked 
|  13|0x000000008a900000, 0x000000008aa00000, 0x000000008aa00000|100%| O|  |TAMS 0x000000008aa00000, 0x000000008aa00000| Untracked 
|  14|0x000000008aa00000, 0x000000008ab00000, 0x000000008ab00000|100%| O|  |TAMS 0x000000008ab00000, 0x000000008ab00000| Untracked 
|  15|0x000000008ab00000, 0x000000008ac00000, 0x000000008ac00000|100%| O|  |TAMS 0x000000008ac00000, 0x000000008ac00000| Untracked 
|  16|0x000000008ac00000, 0x000000008ad00000, 0x000000008ad00000|100%| O|  |TAMS 0x000000008ad00000, 0x000000008ad00000| Untracked 
|  17|0x000000008ad00000, 0x000000008ae00000, 0x000000008ae00000|100%| O|  |TAMS 0x000000008ae00000, 0x000000008ae00000| Untracked 
|  18|0x000000008ae00000, 0x000000008af00000, 0x000000008af00000|100%| O|  |TAMS 0x000000008af00000, 0x000000008af00000| Untracked 
|  19|0x000000008af00000, 0x000000008b000000, 0x000000008b000000|100%| O|  |TAMS 0x000000008b000000, 0x000000008b000000| Untracked 
|  20|0x000000008b000000, 0x000000008b100000, 0x000000008b100000|100%| O|  |TAMS 0x000000008b100000, 0x000000008b100000| Untracked 
|  21|0x000000008b100000, 0x000000008b200000, 0x000000008b200000|100%| O|  |TAMS 0x000000008b200000, 0x000000008b200000| Untracked 
|  22|0x000000008b200000, 0x000000008b200000, 0x000000008b300000|  0%| F|  |TAMS 0x000000008b200000, 0x000000008b200000| Untracked 
|  23|0x000000008b300000, 0x000000008b300000, 0x000000008b400000|  0%| F|  |TAMS 0x000000008b300000, 0x000000008b300000| Untracked 
|  24|0x000000008b400000, 0x000000008b500000, 0x000000008b500000|100%| O|  |TAMS 0x000000008b500000, 0x000000008b500000| Untracked 
|  25|0x000000008b500000, 0x000000008b600000, 0x000000008b600000|100%| O|  |TAMS 0x000000008b600000, 0x000000008b600000| Untracked 
|  26|0x000000008b600000, 0x000000008b700000, 0x000000008b700000|100%| O|  |TAMS 0x000000008b700000, 0x000000008b700000| Untracked 
|  27|0x000000008b700000, 0x000000008b800000, 0x000000008b800000|100%| O|  |TAMS 0x000000008b800000, 0x000000008b800000| Untracked 
|  28|0x000000008b800000, 0x000000008b900000, 0x000000008b900000|100%| O|  |TAMS 0x000000008b900000, 0x000000008b900000| Untracked 
|  29|0x000000008b900000, 0x000000008ba00000, 0x000000008ba00000|100%| O|  |TAMS 0x000000008ba00000, 0x000000008ba00000| Untracked 
|  30|0x000000008ba00000, 0x000000008bb00000, 0x000000008bb00000|100%| O|  |TAMS 0x000000008bb00000, 0x000000008bb00000| Untracked 
|  31|0x000000008bb00000, 0x000000008bc00000, 0x000000008bc00000|100%| O|  |TAMS 0x000000008bc00000, 0x000000008bc00000| Untracked 
|  32|0x000000008bc00000, 0x000000008bd00000, 0x000000008bd00000|100%| O|  |TAMS 0x000000008bd00000, 0x000000008bd00000| Untracked 
|  33|0x000000008bd00000, 0x000000008be00000, 0x000000008be00000|100%| O|  |TAMS 0x000000008be00000, 0x000000008be00000| Untracked 
|  34|0x000000008be00000, 0x000000008bf00000, 0x000000008bf00000|100%| O|  |TAMS 0x000000008bf00000, 0x000000008bf00000| Untracked 
|  35|0x000000008bf00000, 0x000000008c000000, 0x000000008c000000|100%| O|  |TAMS 0x000000008c000000, 0x000000008c000000| Untracked 
|  36|0x000000008c000000, 0x000000008c100000, 0x000000008c100000|100%| O|  |TAMS 0x000000008c100000, 0x000000008c100000| Untracked 
|  37|0x000000008c100000, 0x000000008c200000, 0x000000008c200000|100%| O|  |TAMS 0x000000008c200000, 0x000000008c200000| Untracked 
|  38|0x000000008c200000, 0x000000008c300000, 0x000000008c300000|100%| O|  |TAMS 0x000000008c300000, 0x000000008c300000| Untracked 
|  39|0x000000008c300000, 0x000000008c400000, 0x000000008c400000|100%| O|  |TAMS 0x000000008c400000, 0x000000008c400000| Untracked 
|  40|0x000000008c400000, 0x000000008c500000, 0x000000008c500000|100%| O|  |TAMS 0x000000008c500000, 0x000000008c500000| Untracked 
|  41|0x000000008c500000, 0x000000008c600000, 0x000000008c600000|100%| O|  |TAMS 0x000000008c600000, 0x000000008c600000| Untracked 
|  42|0x000000008c600000, 0x000000008c700000, 0x000000008c700000|100%| O|  |TAMS 0x000000008c700000, 0x000000008c700000| Untracked 
|  43|0x000000008c700000, 0x000000008c800000, 0x000000008c800000|100%| O|  |TAMS 0x000000008c800000, 0x000000008c800000| Untracked 
|  44|0x000000008c800000, 0x000000008c900000, 0x000000008c900000|100%| O|  |TAMS 0x000000008c900000, 0x000000008c900000| Untracked 
|  45|0x000000008c900000, 0x000000008ca00000, 0x000000008ca00000|100%| O|  |TAMS 0x000000008ca00000, 0x000000008ca00000| Untracked 
|  46|0x000000008ca00000, 0x000000008cb00000, 0x000000008cb00000|100%| O|  |TAMS 0x000000008cb00000, 0x000000008cb00000| Untracked 
|  47|0x000000008cb00000, 0x000000008cc00000, 0x000000008cc00000|100%| O|  |TAMS 0x000000008cc00000, 0x000000008cc00000| Untracked 
|  48|0x000000008cc00000, 0x000000008cd00000, 0x000000008cd00000|100%| O|  |TAMS 0x000000008cd00000, 0x000000008cd00000| Untracked 
|  49|0x000000008cd00000, 0x000000008ce00000, 0x000000008ce00000|100%| O|  |TAMS 0x000000008ce00000, 0x000000008ce00000| Untracked 
|  50|0x000000008ce00000, 0x000000008cf00000, 0x000000008cf00000|100%| O|  |TAMS 0x000000008cf00000, 0x000000008cf00000| Untracked 
|  51|0x000000008cf00000, 0x000000008d000000, 0x000000008d000000|100%| O|  |TAMS 0x000000008d000000, 0x000000008d000000| Untracked 
|  52|0x000000008d000000, 0x000000008d100000, 0x000000008d100000|100%| O|  |TAMS 0x000000008d100000, 0x000000008d100000| Untracked 
|  53|0x000000008d100000, 0x000000008d200000, 0x000000008d200000|100%| O|  |TAMS 0x000000008d200000, 0x000000008d200000| Untracked 
|  54|0x000000008d200000, 0x000000008d300000, 0x000000008d300000|100%| O|  |TAMS 0x000000008d300000, 0x000000008d300000| Untracked 
|  55|0x000000008d300000, 0x000000008d400000, 0x000000008d400000|100%| O|  |TAMS 0x000000008d400000, 0x000000008d400000| Untracked 
|  56|0x000000008d400000, 0x000000008d500000, 0x000000008d500000|100%| O|  |TAMS 0x000000008d500000, 0x000000008d500000| Untracked 
|  57|0x000000008d500000, 0x000000008d600000, 0x000000008d600000|100%| O|  |TAMS 0x000000008d600000, 0x000000008d600000| Untracked 
|  58|0x000000008d600000, 0x000000008d700000, 0x000000008d700000|100%| O|  |TAMS 0x000000008d700000, 0x000000008d700000| Untracked 
|  59|0x000000008d700000, 0x000000008d800000, 0x000000008d800000|100%| O|  |TAMS 0x000000008d800000, 0x000000008d800000| Untracked 
|  60|0x000000008d800000, 0x000000008d900000, 0x000000008d900000|100%| O|  |TAMS 0x000000008d900000, 0x000000008d900000| Untracked 
|  61|0x000000008d900000, 0x000000008da00000, 0x000000008da00000|100%| O|  |TAMS 0x000000008da00000, 0x000000008da00000| Untracked 
|  62|0x000000008da00000, 0x000000008db00000, 0x000000008db00000|100%| O|  |TAMS 0x000000008db00000, 0x000000008db00000| Untracked 
|  63|0x000000008db00000, 0x000000008dc00000, 0x000000008dc00000|100%| O|  |TAMS 0x000000008dc00000, 0x000000008dc00000| Untracked 
|  64|0x000000008dc00000, 0x000000008dd00000, 0x000000008dd00000|100%| O|  |TAMS 0x000000008dd00000, 0x000000008dd00000| Untracked 
|  65|0x000000008dd00000, 0x000000008de00000, 0x000000008de00000|100%| O|  |TAMS 0x000000008de00000, 0x000000008de00000| Untracked 
|  66|0x000000008de00000, 0x000000008df00000, 0x000000008df00000|100%| O|  |TAMS 0x000000008df00000, 0x000000008df00000| Untracked 
|  67|0x000000008df00000, 0x000000008e000000, 0x000000008e000000|100%| O|  |TAMS 0x000000008e000000, 0x000000008e000000| Untracked 
|  68|0x000000008e000000, 0x000000008e100000, 0x000000008e100000|100%| O|  |TAMS 0x000000008e000000, 0x000000008e100000| Untracked 
|  69|0x000000008e100000, 0x000000008e100000, 0x000000008e200000|  0%| F|  |TAMS 0x000000008e100000, 0x000000008e100000| Untracked 
|  70|0x000000008e200000, 0x000000008e300000, 0x000000008e300000|100%| O|  |TAMS 0x000000008e300000, 0x000000008e300000| Untracked 
|  71|0x000000008e300000, 0x000000008e400000, 0x000000008e400000|100%| O|  |TAMS 0x000000008e400000, 0x000000008e400000| Untracked 
|  72|0x000000008e400000, 0x000000008e500000, 0x000000008e500000|100%| O|  |TAMS 0x000000008e500000, 0x000000008e500000| Untracked 
|  73|0x000000008e500000, 0x000000008e600000, 0x000000008e600000|100%| O|  |TAMS 0x000000008e600000, 0x000000008e600000| Untracked 
|  74|0x000000008e600000, 0x000000008e700000, 0x000000008e700000|100%| O|  |TAMS 0x000000008e700000, 0x000000008e700000| Untracked 
|  75|0x000000008e700000, 0x000000008e800000, 0x000000008e800000|100%| O|  |TAMS 0x000000008e800000, 0x000000008e800000| Untracked 
|  76|0x000000008e800000, 0x000000008e900000, 0x000000008e900000|100%| O|  |TAMS 0x000000008e86d800, 0x000000008e900000| Untracked 
|  77|0x000000008e900000, 0x000000008ea00000, 0x000000008ea00000|100%| O|  |TAMS 0x000000008e900000, 0x000000008ea00000| Untracked 
|  78|0x000000008ea00000, 0x000000008eb00000, 0x000000008eb00000|100%| O|  |TAMS 0x000000008ea00000, 0x000000008eb00000| Untracked 
|  79|0x000000008eb00000, 0x000000008eb0c800, 0x000000008ec00000|  4%| O|  |TAMS 0x000000008eb00000, 0x000000008eb0c800| Untracked 
|  80|0x000000008ec00000, 0x000000008ec00000, 0x000000008ed00000|  0%| F|  |TAMS 0x000000008ec00000, 0x000000008ec00000| Untracked 
|  81|0x000000008ed00000, 0x000000008ed00000, 0x000000008ee00000|  0%| F|  |TAMS 0x000000008ed00000, 0x000000008ed00000| Untracked 
|  82|0x000000008ee00000, 0x000000008ee00000, 0x000000008ef00000|  0%| F|  |TAMS 0x000000008ee00000, 0x000000008ee00000| Untracked 
|  83|0x000000008ef00000, 0x000000008ef00000, 0x000000008f000000|  0%| F|  |TAMS 0x000000008ef00000, 0x000000008ef00000| Untracked 
|  84|0x000000008f000000, 0x000000008f000000, 0x000000008f100000|  0%| F|  |TAMS 0x000000008f000000, 0x000000008f000000| Untracked 
|  85|0x000000008f100000, 0x000000008f100000, 0x000000008f200000|  0%| F|  |TAMS 0x000000008f100000, 0x000000008f100000| Untracked 
|  86|0x000000008f200000, 0x000000008f200000, 0x000000008f300000|  0%| F|  |TAMS 0x000000008f200000, 0x000000008f200000| Untracked 
|  87|0x000000008f300000, 0x000000008f300000, 0x000000008f400000|  0%| F|  |TAMS 0x000000008f300000, 0x000000008f300000| Untracked 
|  88|0x000000008f400000, 0x000000008f400000, 0x000000008f500000|  0%| F|  |TAMS 0x000000008f400000, 0x000000008f400000| Untracked 
|  89|0x000000008f500000, 0x000000008f500000, 0x000000008f600000|  0%| F|  |TAMS 0x000000008f500000, 0x000000008f500000| Untracked 
|  90|0x000000008f600000, 0x000000008f600000, 0x000000008f700000|  0%| F|  |TAMS 0x000000008f600000, 0x000000008f600000| Untracked 
|  91|0x000000008f700000, 0x000000008f700000, 0x000000008f800000|  0%| F|  |TAMS 0x000000008f700000, 0x000000008f700000| Untracked 
|  92|0x000000008f800000, 0x000000008f800000, 0x000000008f900000|  0%| F|  |TAMS 0x000000008f800000, 0x000000008f800000| Untracked 
|  93|0x000000008f900000, 0x000000008f900000, 0x000000008fa00000|  0%| F|  |TAMS 0x000000008f900000, 0x000000008f900000| Untracked 
|  94|0x000000008fa00000, 0x000000008fa00000, 0x000000008fb00000|  0%| F|  |TAMS 0x000000008fa00000, 0x000000008fa00000| Untracked 
|  95|0x000000008fb00000, 0x000000008fb00000, 0x000000008fc00000|  0%| F|  |TAMS 0x000000008fb00000, 0x000000008fb00000| Untracked 
|  96|0x000000008fc00000, 0x000000008fc00000, 0x000000008fd00000|  0%| F|  |TAMS 0x000000008fc00000, 0x000000008fc00000| Untracked 
|  97|0x000000008fd00000, 0x000000008fd00000, 0x000000008fe00000|  0%| F|  |TAMS 0x000000008fd00000, 0x000000008fd00000| Untracked 
|  98|0x000000008fe00000, 0x000000008fe00000, 0x000000008ff00000|  0%| F|  |TAMS 0x000000008fe00000, 0x000000008fe00000| Untracked 
|  99|0x000000008ff00000, 0x000000008ff00000, 0x0000000090000000|  0%| F|  |TAMS 0x000000008ff00000, 0x000000008ff00000| Untracked 
| 100|0x0000000090000000, 0x0000000090000000, 0x0000000090100000|  0%| F|  |TAMS 0x0000000090000000, 0x0000000090000000| Untracked 
| 101|0x0000000090100000, 0x0000000090100000, 0x0000000090200000|  0%| F|  |TAMS 0x0000000090100000, 0x0000000090100000| Untracked 
| 102|0x0000000090200000, 0x0000000090200000, 0x0000000090300000|  0%| F|  |TAMS 0x0000000090200000, 0x0000000090200000| Untracked 
| 103|0x0000000090300000, 0x0000000090300000, 0x0000000090400000|  0%| F|  |TAMS 0x0000000090300000, 0x0000000090300000| Untracked 
| 104|0x0000000090400000, 0x0000000090473938, 0x0000000090500000| 45%| S|CS|TAMS 0x0000000090400000, 0x0000000090400000| Complete 
| 105|0x0000000090500000, 0x0000000090600000, 0x0000000090600000|100%| S|CS|TAMS 0x0000000090500000, 0x0000000090500000| Complete 
| 106|0x0000000090600000, 0x0000000090700000, 0x0000000090700000|100%| S|CS|TAMS 0x0000000090600000, 0x0000000090600000| Complete 
| 107|0x0000000090700000, 0x0000000090700000, 0x0000000090800000|  0%| F|  |TAMS 0x0000000090700000, 0x0000000090700000| Untracked 
| 108|0x0000000090800000, 0x0000000090800000, 0x0000000090900000|  0%| F|  |TAMS 0x0000000090800000, 0x0000000090800000| Untracked 
| 109|0x0000000090900000, 0x0000000090900000, 0x0000000090a00000|  0%| F|  |TAMS 0x0000000090900000, 0x0000000090900000| Untracked 
| 110|0x0000000090a00000, 0x0000000090a00000, 0x0000000090b00000|  0%| F|  |TAMS 0x0000000090a00000, 0x0000000090a00000| Untracked 
| 111|0x0000000090b00000, 0x0000000090b00000, 0x0000000090c00000|  0%| F|  |TAMS 0x0000000090b00000, 0x0000000090b00000| Untracked 
| 112|0x0000000090c00000, 0x0000000090c00000, 0x0000000090d00000|  0%| F|  |TAMS 0x0000000090c00000, 0x0000000090c00000| Untracked 
| 113|0x0000000090d00000, 0x0000000090d00000, 0x0000000090e00000|  0%| F|  |TAMS 0x0000000090d00000, 0x0000000090d00000| Untracked 
| 114|0x0000000090e00000, 0x0000000090e00000, 0x0000000090f00000|  0%| F|  |TAMS 0x0000000090e00000, 0x0000000090e00000| Untracked 
| 115|0x0000000090f00000, 0x0000000090f00000, 0x0000000091000000|  0%| F|  |TAMS 0x0000000090f00000, 0x0000000090f00000| Untracked 
| 116|0x0000000091000000, 0x0000000091000000, 0x0000000091100000|  0%| F|  |TAMS 0x0000000091000000, 0x0000000091000000| Untracked 
| 117|0x0000000091100000, 0x0000000091100000, 0x0000000091200000|  0%| F|  |TAMS 0x0000000091100000, 0x0000000091100000| Untracked 
| 118|0x0000000091200000, 0x0000000091200000, 0x0000000091300000|  0%| F|  |TAMS 0x0000000091200000, 0x0000000091200000| Untracked 
| 119|0x0000000091300000, 0x0000000091300000, 0x0000000091400000|  0%| F|  |TAMS 0x0000000091300000, 0x0000000091300000| Untracked 
| 120|0x0000000091400000, 0x0000000091400000, 0x0000000091500000|  0%| F|  |TAMS 0x0000000091400000, 0x0000000091400000| Untracked 
| 121|0x0000000091500000, 0x0000000091500000, 0x0000000091600000|  0%| F|  |TAMS 0x0000000091500000, 0x0000000091500000| Untracked 
| 122|0x0000000091600000, 0x0000000091600000, 0x0000000091700000|  0%| F|  |TAMS 0x0000000091600000, 0x0000000091600000| Untracked 
| 123|0x0000000091700000, 0x0000000091700000, 0x0000000091800000|  0%| F|  |TAMS 0x0000000091700000, 0x0000000091700000| Untracked 
| 124|0x0000000091800000, 0x0000000091800000, 0x0000000091900000|  0%| F|  |TAMS 0x0000000091800000, 0x0000000091800000| Untracked 
| 125|0x0000000091900000, 0x0000000091900000, 0x0000000091a00000|  0%| F|  |TAMS 0x0000000091900000, 0x0000000091900000| Untracked 
| 126|0x0000000091a00000, 0x0000000091a00000, 0x0000000091b00000|  0%| F|  |TAMS 0x0000000091a00000, 0x0000000091a00000| Untracked 
| 127|0x0000000091b00000, 0x0000000091b00000, 0x0000000091c00000|  0%| F|  |TAMS 0x0000000091b00000, 0x0000000091b00000| Untracked 
| 128|0x0000000091c00000, 0x0000000091c00000, 0x0000000091d00000|  0%| F|  |TAMS 0x0000000091c00000, 0x0000000091c00000| Untracked 
| 129|0x0000000091d00000, 0x0000000091d00000, 0x0000000091e00000|  0%| F|  |TAMS 0x0000000091d00000, 0x0000000091d00000| Untracked 
| 130|0x0000000091e00000, 0x0000000091e00000, 0x0000000091f00000|  0%| F|  |TAMS 0x0000000091e00000, 0x0000000091e00000| Untracked 
| 131|0x0000000091f00000, 0x0000000091f00000, 0x0000000092000000|  0%| F|  |TAMS 0x0000000091f00000, 0x0000000091f00000| Untracked 
| 132|0x0000000092000000, 0x0000000092000000, 0x0000000092100000|  0%| F|  |TAMS 0x0000000092000000, 0x0000000092000000| Untracked 
| 133|0x0000000092100000, 0x0000000092100000, 0x0000000092200000|  0%| F|  |TAMS 0x0000000092100000, 0x0000000092100000| Untracked 
| 134|0x0000000092200000, 0x0000000092200000, 0x0000000092300000|  0%| F|  |TAMS 0x0000000092200000, 0x0000000092200000| Untracked 
| 135|0x0000000092300000, 0x0000000092300000, 0x0000000092400000|  0%| F|  |TAMS 0x0000000092300000, 0x0000000092300000| Untracked 
| 136|0x0000000092400000, 0x0000000092400000, 0x0000000092500000|  0%| F|  |TAMS 0x0000000092400000, 0x0000000092400000| Untracked 
| 137|0x0000000092500000, 0x0000000092500000, 0x0000000092600000|  0%| F|  |TAMS 0x0000000092500000, 0x0000000092500000| Untracked 
| 138|0x0000000092600000, 0x0000000092600000, 0x0000000092700000|  0%| F|  |TAMS 0x0000000092600000, 0x0000000092600000| Untracked 
| 139|0x0000000092700000, 0x0000000092700000, 0x0000000092800000|  0%| F|  |TAMS 0x0000000092700000, 0x0000000092700000| Untracked 
| 140|0x0000000092800000, 0x0000000092800000, 0x0000000092900000|  0%| F|  |TAMS 0x0000000092800000, 0x0000000092800000| Untracked 
| 141|0x0000000092900000, 0x0000000092900000, 0x0000000092a00000|  0%| F|  |TAMS 0x0000000092900000, 0x0000000092900000| Untracked 
| 142|0x0000000092a00000, 0x0000000092a00000, 0x0000000092b00000|  0%| F|  |TAMS 0x0000000092a00000, 0x0000000092a00000| Untracked 
| 143|0x0000000092b00000, 0x0000000092b00000, 0x0000000092c00000|  0%| F|  |TAMS 0x0000000092b00000, 0x0000000092b00000| Untracked 
| 144|0x0000000092c00000, 0x0000000092c00000, 0x0000000092d00000|  0%| F|  |TAMS 0x0000000092c00000, 0x0000000092c00000| Untracked 
| 145|0x0000000092d00000, 0x0000000092d00000, 0x0000000092e00000|  0%| F|  |TAMS 0x0000000092d00000, 0x0000000092d00000| Untracked 
| 146|0x0000000092e00000, 0x0000000092e00000, 0x0000000092f00000|  0%| F|  |TAMS 0x0000000092e00000, 0x0000000092e00000| Untracked 
| 147|0x0000000092f00000, 0x0000000092f00000, 0x0000000093000000|  0%| F|  |TAMS 0x0000000092f00000, 0x0000000092f00000| Untracked 
| 148|0x0000000093000000, 0x0000000093000000, 0x0000000093100000|  0%| F|  |TAMS 0x0000000093000000, 0x0000000093000000| Untracked 
| 149|0x0000000093100000, 0x0000000093100000, 0x0000000093200000|  0%| F|  |TAMS 0x0000000093100000, 0x0000000093100000| Untracked 
| 150|0x0000000093200000, 0x0000000093200000, 0x0000000093300000|  0%| F|  |TAMS 0x0000000093200000, 0x0000000093200000| Untracked 
| 151|0x0000000093300000, 0x0000000093300000, 0x0000000093400000|  0%| F|  |TAMS 0x0000000093300000, 0x0000000093300000| Untracked 
| 152|0x0000000093400000, 0x0000000093400000, 0x0000000093500000|  0%| F|  |TAMS 0x0000000093400000, 0x0000000093400000| Untracked 
| 153|0x0000000093500000, 0x0000000093500000, 0x0000000093600000|  0%| F|  |TAMS 0x0000000093500000, 0x0000000093500000| Untracked 
| 154|0x0000000093600000, 0x0000000093600000, 0x0000000093700000|  0%| F|  |TAMS 0x0000000093600000, 0x0000000093600000| Untracked 
| 155|0x0000000093700000, 0x0000000093700000, 0x0000000093800000|  0%| F|  |TAMS 0x0000000093700000, 0x0000000093700000| Untracked 
| 156|0x0000000093800000, 0x0000000093800000, 0x0000000093900000|  0%| F|  |TAMS 0x0000000093800000, 0x0000000093800000| Untracked 
| 157|0x0000000093900000, 0x0000000093900000, 0x0000000093a00000|  0%| F|  |TAMS 0x0000000093900000, 0x0000000093900000| Untracked 
| 158|0x0000000093a00000, 0x0000000093a00000, 0x0000000093b00000|  0%| F|  |TAMS 0x0000000093a00000, 0x0000000093a00000| Untracked 
| 159|0x0000000093b00000, 0x0000000093b00000, 0x0000000093c00000|  0%| F|  |TAMS 0x0000000093b00000, 0x0000000093b00000| Untracked 
| 160|0x0000000093c00000, 0x0000000093c00000, 0x0000000093d00000|  0%| F|  |TAMS 0x0000000093c00000, 0x0000000093c00000| Untracked 
| 161|0x0000000093d00000, 0x0000000093d00000, 0x0000000093e00000|  0%| F|  |TAMS 0x0000000093d00000, 0x0000000093d00000| Untracked 
| 162|0x0000000093e00000, 0x0000000093e00000, 0x0000000093f00000|  0%| F|  |TAMS 0x0000000093e00000, 0x0000000093e00000| Untracked 
| 163|0x0000000093f00000, 0x0000000093f00000, 0x0000000094000000|  0%| F|  |TAMS 0x0000000093f00000, 0x0000000093f00000| Untracked 
| 164|0x0000000094000000, 0x0000000094000000, 0x0000000094100000|  0%| F|  |TAMS 0x0000000094000000, 0x0000000094000000| Untracked 
| 165|0x0000000094100000, 0x0000000094100000, 0x0000000094200000|  0%| F|  |TAMS 0x0000000094100000, 0x0000000094100000| Untracked 
| 166|0x0000000094200000, 0x0000000094200000, 0x0000000094300000|  0%| F|  |TAMS 0x0000000094200000, 0x0000000094200000| Untracked 
| 167|0x0000000094300000, 0x0000000094300000, 0x0000000094400000|  0%| F|  |TAMS 0x0000000094300000, 0x0000000094300000| Untracked 
| 168|0x0000000094400000, 0x0000000094400000, 0x0000000094500000|  0%| F|  |TAMS 0x0000000094400000, 0x0000000094400000| Untracked 
| 169|0x0000000094500000, 0x0000000094500000, 0x0000000094600000|  0%| F|  |TAMS 0x0000000094500000, 0x0000000094500000| Untracked 
| 170|0x0000000094600000, 0x0000000094600000, 0x0000000094700000|  0%| F|  |TAMS 0x0000000094600000, 0x0000000094600000| Untracked 
| 171|0x0000000094700000, 0x0000000094700000, 0x0000000094800000|  0%| F|  |TAMS 0x0000000094700000, 0x0000000094700000| Untracked 
| 172|0x0000000094800000, 0x0000000094800000, 0x0000000094900000|  0%| F|  |TAMS 0x0000000094800000, 0x0000000094800000| Untracked 

Card table byte_map: [0x000002b9fafe0000,0x000002b9fb3a0000] _byte_map_base: 0x000002b9fab92000

Marking Bits (Prev, Next): (CMBitMap*) 0x000002b9f7257c40, (CMBitMap*) 0x000002b9f7257c80
 Prev Bits: [0x000002b9fb760000, 0x000002b9fd4f0000)
 Next Bits: [0x000002b9fd4f0000, 0x000002b9ff280000)

Polling page: 0x000002b9f5130000

Metaspace:

Usage:
  Non-class:     70.37 MB used.
      Class:      8.23 MB used.
       Both:     78.61 MB used.

Virtual space:
  Non-class space:      128.00 MB reserved,      70.50 MB ( 55%) committed,  2 nodes.
      Class space:        1.00 GB reserved,       8.31 MB ( <1%) committed,  1 nodes.
             Both:        1.12 GB reserved,      78.81 MB (  7%) committed. 

Chunk freelists:
   Non-Class:  9.25 MB
       Class:  7.62 MB
        Both:  16.88 MB

MaxMetaspaceSize: unlimited
CompressedClassSpaceSize: 1.00 GB
Initial GC threshold: 21.00 MB
Current GC threshold: 122.19 MB
CDS: off
MetaspaceReclaimPolicy: balanced
 - commit_granule_bytes: 65536.
 - commit_granule_words: 8192.
 - virtual_space_node_default_size: 8388608.
 - enlarge_chunks_in_place: 1.
 - new_chunks_are_fully_committed: 0.
 - uncommit_free_chunks: 1.
 - use_allocation_guard: 0.
 - handle_deallocations: 1.


Internal statistics:

num_allocs_failed_limit: 3.
num_arena_births: 304.
num_arena_deaths: 0.
num_vsnodes_births: 3.
num_vsnodes_deaths: 0.
num_space_committed: 1259.
num_space_uncommitted: 0.
num_chunks_returned_to_freelist: 3.
num_chunks_taken_from_freelist: 2873.
num_chunk_merges: 3.
num_chunk_splits: 2394.
num_chunks_enlarged: 2147.
num_inconsistent_stats: 0.

CodeHeap 'non-profiled nmethods': size=120000Kb used=5516Kb max_used=5516Kb free=114483Kb
 bounds [0x000002b987ad0000, 0x000002b988040000, 0x000002b98f000000]
CodeHeap 'profiled nmethods': size=120000Kb used=35932Kb max_used=35932Kb free=84067Kb
 bounds [0x000002b980000000, 0x000002b982320000, 0x000002b987530000]
CodeHeap 'non-nmethods': size=5760Kb used=1405Kb max_used=1447Kb free=4354Kb
 bounds [0x000002b987530000, 0x000002b9877a0000, 0x000002b987ad0000]
 total_blobs=13806 nmethods=13071 adapters=644
 compilation: enabled
              stopped_count=0, restarted_count=0
 full_count=0

Compilation events (20 events):
Event: 98.224 Thread 0x000002b991170a00 15436       3       org.jetbrains.kotlin.com.intellij.util.containers.RefHashMap$HardKey::set (31 bytes)
Event: 98.225 Thread 0x000002b991170a00 nmethod 15436 0x000002b982316810 code [0x000002b9823169c0, 0x000002b982316c78]
Event: 98.235 Thread 0x000002b991170a00 15437       3       java.util.concurrent.ConcurrentHashMap::remove (8 bytes)
Event: 98.235 Thread 0x000002b991170a00 nmethod 15437 0x000002b982316d90 code [0x000002b982316f40, 0x000002b982317088]
Event: 98.241 Thread 0x000002b99116ff60 15438       4       org.jetbrains.kotlin.com.intellij.util.SmartList::get (28 bytes)
Event: 98.242 Thread 0x000002b991170a00 15439       1       org.jetbrains.kotlin.com.intellij.util.SmartList::asElement (5 bytes)
Event: 98.242 Thread 0x000002b991170a00 nmethod 15439 0x000002b988031d10 code [0x000002b988031ea0, 0x000002b988031f78]
Event: 98.242 Thread 0x000002b99116ff60 nmethod 15438 0x000002b988032010 code [0x000002b9880321a0, 0x000002b9880322b8]
Event: 98.243 Thread 0x000002b991170a00 15440       1       org.jetbrains.kotlin.com.intellij.openapi.util.ObjectNode::getParent (5 bytes)
Event: 98.243 Thread 0x000002b991170a00 nmethod 15440 0x000002b988032410 code [0x000002b9880325a0, 0x000002b988032678]
Event: 98.256 Thread 0x000002b991170a00 15441       3       java.io.File::getAbsolutePath (8 bytes)
Event: 98.256 Thread 0x000002b991170a00 nmethod 15441 0x000002b982317110 code [0x000002b9823172c0, 0x000002b982317428]
Event: 98.256 Thread 0x000002b991170a00 15442       1       kotlin.io.FilePathComponents::getSegments (5 bytes)
Event: 98.257 Thread 0x000002b991170a00 nmethod 15442 0x000002b988032710 code [0x000002b9880328a0, 0x000002b988032978]
Event: 98.257 Thread 0x000002b991170a00 15443       3       java.lang.String$CaseInsensitiveComparator::compare (68 bytes)
Event: 98.257 Thread 0x000002b991170a00 nmethod 15443 0x000002b982317510 code [0x000002b982317720, 0x000002b982317bb8]
Event: 98.258 Thread 0x000002b991170a00 15444       1       kotlin.io.FilePathComponents::getRoot (5 bytes)
Event: 98.258 Thread 0x000002b991170a00 nmethod 15444 0x000002b988032a10 code [0x000002b988032ba0, 0x000002b988032c78]
Event: 98.258 Thread 0x000002b99116ff60 15445       4       org.jetbrains.kotlin.com.google.common.collect.AbstractMapBasedMultimap$WrappedCollection::<init> (44 bytes)
Event: 98.262 Thread 0x000002b99116ff60 nmethod 15445 0x000002b988032d10 code [0x000002b988032e80, 0x000002b9880332f8]

GC Heap History (20 events):
Event: 42.573 GC heap after
{Heap after GC invocations=31 (full 0):
 garbage-first heap   total 177152K, used 47510K [0x0000000089c00000, 0x0000000100000000)
  region size 1024K, 3 young (3072K), 3 survivors (3072K)
 Metaspace       used 50047K, committed 50304K, reserved 1114112K
  class space    used 5827K, committed 5952K, reserved 1048576K
}
Event: 67.776 GC heap before
{Heap before GC invocations=32 (full 0):
 garbage-first heap   total 163840K, used 143766K [0x0000000089c00000, 0x0000000100000000)
  region size 1024K, 96 young (98304K), 3 survivors (3072K)
 Metaspace       used 56034K, committed 56256K, reserved 1114112K
  class space    used 6255K, committed 6400K, reserved 1048576K
}
Event: 67.903 GC heap after
{Heap after GC invocations=33 (full 0):
 garbage-first heap   total 163840K, used 59325K [0x0000000089c00000, 0x0000000100000000)
  region size 1024K, 12 young (12288K), 12 survivors (12288K)
 Metaspace       used 56034K, committed 56256K, reserved 1114112K
  class space    used 6255K, committed 6400K, reserved 1048576K
}
Event: 68.026 GC heap before
{Heap before GC invocations=33 (full 0):
 garbage-first heap   total 163840K, used 60349K [0x0000000089c00000, 0x0000000100000000)
  region size 1024K, 13 young (13312K), 12 survivors (12288K)
 Metaspace       used 56044K, committed 56320K, reserved 1114112K
  class space    used 6255K, committed 6400K, reserved 1048576K
}
Event: 68.069 GC heap after
{Heap after GC invocations=34 (full 0):
 garbage-first heap   total 163840K, used 60709K [0x0000000089c00000, 0x0000000100000000)
  region size 1024K, 2 young (2048K), 2 survivors (2048K)
 Metaspace       used 56044K, committed 56320K, reserved 1114112K
  class space    used 6255K, committed 6400K, reserved 1048576K
}
Event: 88.641 GC heap before
{Heap before GC invocations=34 (full 0):
 garbage-first heap   total 163840K, used 120101K [0x0000000089c00000, 0x0000000100000000)
  region size 1024K, 60 young (61440K), 2 survivors (2048K)
 Metaspace       used 59986K, committed 60224K, reserved 1114112K
  class space    used 6636K, committed 6720K, reserved 1048576K
}
Event: 88.690 GC heap after
{Heap after GC invocations=35 (full 0):
 garbage-first heap   total 163840K, used 64463K [0x0000000089c00000, 0x0000000100000000)
  region size 1024K, 6 young (6144K), 6 survivors (6144K)
 Metaspace       used 59986K, committed 60224K, reserved 1114112K
  class space    used 6636K, committed 6720K, reserved 1048576K
}
Event: 94.283 GC heap before
{Heap before GC invocations=35 (full 0):
 garbage-first heap   total 163840K, used 123855K [0x0000000089c00000, 0x0000000100000000)
  region size 1024K, 64 young (65536K), 6 survivors (6144K)
 Metaspace       used 65974K, committed 66240K, reserved 1114112K
  class space    used 7246K, committed 7360K, reserved 1048576K
}
Event: 94.350 GC heap after
{Heap after GC invocations=36 (full 0):
 garbage-first heap   total 163840K, used 72505K [0x0000000089c00000, 0x0000000100000000)
  region size 1024K, 8 young (8192K), 8 survivors (8192K)
 Metaspace       used 65974K, committed 66240K, reserved 1114112K
  class space    used 7246K, committed 7360K, reserved 1048576K
}
Event: 95.748 GC heap before
{Heap before GC invocations=37 (full 0):
 garbage-first heap   total 163840K, used 127801K [0x0000000089c00000, 0x0000000100000000)
  region size 1024K, 62 young (63488K), 8 survivors (8192K)
 Metaspace       used 73764K, committed 73984K, reserved 1179648K
  class space    used 7956K, committed 8064K, reserved 1048576K
}
Event: 95.776 GC heap after
{Heap after GC invocations=38 (full 0):
 garbage-first heap   total 163840K, used 78115K [0x0000000089c00000, 0x0000000100000000)
  region size 1024K, 6 young (6144K), 6 survivors (6144K)
 Metaspace       used 73764K, committed 73984K, reserved 1179648K
  class space    used 7956K, committed 8064K, reserved 1048576K
}
Event: 95.826 GC heap before
{Heap before GC invocations=38 (full 0):
 garbage-first heap   total 163840K, used 80163K [0x0000000089c00000, 0x0000000100000000)
  region size 1024K, 8 young (8192K), 6 survivors (6144K)
 Metaspace       used 73892K, committed 74112K, reserved 1179648K
  class space    used 7968K, committed 8064K, reserved 1048576K
}
Event: 95.839 GC heap after
{Heap after GC invocations=39 (full 0):
 garbage-first heap   total 163840K, used 78262K [0x0000000089c00000, 0x0000000100000000)
  region size 1024K, 1 young (1024K), 1 survivors (1024K)
 Metaspace       used 73892K, committed 74112K, reserved 1179648K
  class space    used 7968K, committed 8064K, reserved 1048576K
}
Event: 96.288 GC heap before
{Heap before GC invocations=39 (full 0):
 garbage-first heap   total 163840K, used 129462K [0x0000000089c00000, 0x0000000100000000)
  region size 1024K, 51 young (52224K), 1 survivors (1024K)
 Metaspace       used 74770K, committed 75008K, reserved 1179648K
  class space    used 8007K, committed 8128K, reserved 1048576K
}
Event: 96.294 GC heap after
{Heap after GC invocations=40 (full 0):
 garbage-first heap   total 163840K, used 78668K [0x0000000089c00000, 0x0000000100000000)
  region size 1024K, 2 young (2048K), 2 survivors (2048K)
 Metaspace       used 74770K, committed 75008K, reserved 1179648K
  class space    used 8007K, committed 8128K, reserved 1048576K
}
Event: 97.269 GC heap before
{Heap before GC invocations=41 (full 0):
 garbage-first heap   total 163840K, used 131916K [0x0000000089c00000, 0x0000000100000000)
  region size 1024K, 54 young (55296K), 2 survivors (2048K)
 Metaspace       used 79405K, committed 79680K, reserved 1179648K
  class space    used 8389K, committed 8512K, reserved 1048576K
}
Event: 97.277 GC heap after
{Heap after GC invocations=42 (full 0):
 garbage-first heap   total 163840K, used 80754K [0x0000000089c00000, 0x0000000100000000)
  region size 1024K, 4 young (4096K), 4 survivors (4096K)
 Metaspace       used 79405K, committed 79680K, reserved 1179648K
  class space    used 8389K, committed 8512K, reserved 1048576K
}
Event: 97.329 GC heap before
{Heap before GC invocations=42 (full 0):
 garbage-first heap   total 163840K, used 84850K [0x0000000089c00000, 0x0000000100000000)
  region size 1024K, 8 young (8192K), 4 survivors (4096K)
 Metaspace       used 79461K, committed 79744K, reserved 1179648K
  class space    used 8389K, committed 8512K, reserved 1048576K
}
Event: 97.336 GC heap after
{Heap after GC invocations=43 (full 0):
 garbage-first heap   total 163840K, used 80433K [0x0000000089c00000, 0x0000000100000000)
  region size 1024K, 1 young (1024K), 1 survivors (1024K)
 Metaspace       used 79461K, committed 79744K, reserved 1179648K
  class space    used 8389K, committed 8512K, reserved 1048576K
}
Event: 98.265 GC heap before
{Heap before GC invocations=43 (full 0):
 garbage-first heap   total 163840K, used 133681K [0x0000000089c00000, 0x0000000100000000)
  region size 1024K, 53 young (54272K), 1 survivors (1024K)
 Metaspace       used 80495K, committed 80704K, reserved 1179648K
  class space    used 8432K, committed 8512K, reserved 1048576K
}

Dll operation events (2 events):
Event: 0.067 Loaded shared library C:\Program Files\Android\Android Studio\jbr\bin\java.dll
Event: 13.765 Loaded shared library C:\Program Files\Android\Android Studio\jbr\bin\verify.dll

Deoptimization events (20 events):
Event: 97.906 Thread 0x000002b9f71fe060 DEOPT PACKING pc=0x000002b987fff770 sp=0x000000d4122fa1c0
Event: 97.906 Thread 0x000002b9f71fe060 DEOPT UNPACKING pc=0x000002b9875869a3 sp=0x000000d4122fa168 mode 2
Event: 97.907 Thread 0x000002b9f71fe060 Uncommon trap: trap_request=0xffffffc6 fr.pc=0x000002b987ff7560 relative=0x0000000000000220
Event: 97.907 Thread 0x000002b9f71fe060 Uncommon trap: reason=bimorphic_or_optimized_type_check action=maybe_recompile pc=0x000002b987ff7560 method=org.jetbrains.kotlin.ir.visitors.IrElementVisitorVoid$DefaultImpls.visitCall(Lorg/jetbrains/kotlin/ir/visitors/IrElementVisitorVoid;Lorg/jetbrains/
Event: 97.907 Thread 0x000002b9f71fe060 DEOPT PACKING pc=0x000002b987ff7560 sp=0x000000d4122fc3b0
Event: 97.907 Thread 0x000002b9f71fe060 DEOPT UNPACKING pc=0x000002b9875869a3 sp=0x000000d4122fc358 mode 2
Event: 97.908 Thread 0x000002b9f71fe060 Uncommon trap: trap_request=0xffffffc6 fr.pc=0x000002b987ff5838 relative=0x0000000000000098
Event: 97.908 Thread 0x000002b9f71fe060 Uncommon trap: reason=bimorphic_or_optimized_type_check action=maybe_recompile pc=0x000002b987ff5838 method=org.jetbrains.kotlin.ir.visitors.IrElementVisitorVoid$DefaultImpls.visitDeclarationReference(Lorg/jetbrains/kotlin/ir/visitors/IrElementVisitorVoid
Event: 97.908 Thread 0x000002b9f71fe060 DEOPT PACKING pc=0x000002b987ff5838 sp=0x000000d4122fc080
Event: 97.908 Thread 0x000002b9f71fe060 DEOPT UNPACKING pc=0x000002b9875869a3 sp=0x000000d4122fc018 mode 2
Event: 97.908 Thread 0x000002b9f71fe060 Uncommon trap: trap_request=0xffffffc6 fr.pc=0x000002b987ff5838 relative=0x0000000000000098
Event: 97.908 Thread 0x000002b9f71fe060 Uncommon trap: reason=bimorphic_or_optimized_type_check action=maybe_recompile pc=0x000002b987ff5838 method=org.jetbrains.kotlin.ir.visitors.IrElementVisitorVoid$DefaultImpls.visitDeclarationReference(Lorg/jetbrains/kotlin/ir/visitors/IrElementVisitorVoid
Event: 97.908 Thread 0x000002b9f71fe060 DEOPT PACKING pc=0x000002b987ff5838 sp=0x000000d4122fbae0
Event: 97.908 Thread 0x000002b9f71fe060 DEOPT UNPACKING pc=0x000002b9875869a3 sp=0x000000d4122fba78 mode 2
Event: 97.975 Thread 0x000002b9f71fe060 Uncommon trap: trap_request=0xffffffde fr.pc=0x000002b987fff770 relative=0x00000000000045b0
Event: 97.975 Thread 0x000002b9f71fe060 Uncommon trap: reason=class_check action=maybe_recompile pc=0x000002b987fff770 method=org.jetbrains.kotlin.types.AbstractTypeMapper.mapType(Lorg/jetbrains/kotlin/types/TypeSystemCommonBackendContextForTypeMapping;Lorg/jetbrains/kotlin/types/TypeMappingCon
Event: 97.975 Thread 0x000002b9f71fe060 DEOPT PACKING pc=0x000002b987fff770 sp=0x000000d4122fbf80
Event: 97.975 Thread 0x000002b9f71fe060 DEOPT UNPACKING pc=0x000002b9875869a3 sp=0x000000d4122fbf28 mode 2
Event: 98.027 Thread 0x000002b9f71fe060 DEOPT PACKING pc=0x000002b980f270ad sp=0x000000d4122fd350
Event: 98.027 Thread 0x000002b9f71fe060 DEOPT UNPACKING pc=0x000002b987587143 sp=0x000000d4122fc7d8 mode 0

Classes unloaded (0 events):
No events

Classes redefined (0 events):
No events

Internal exceptions (20 events):
Event: 30.112 Thread 0x000002b9f71fe060 Exception <a 'java/lang/NoSuchMethodError'{0x000000008d19bff8}: 'java.lang.Object java.lang.invoke.DirectMethodHandle$Holder.newInvokeSpecial(java.lang.Object, java.lang.Object, java.lang.Object, java.lang.Object, java.lang.Object, java.lang.Object)'> (0x000000008d19bff8) 
thrown [s\src\hotspot\share\interpreter\linkResolver.cpp, line 771]
Event: 38.147 Thread 0x000002b9f71fe060 Exception <a 'java/lang/NoSuchMethodError'{0x000000008de194f0}: 'java.lang.Object java.lang.invoke.DirectMethodHandle$Holder.newInvokeSpecial(java.lang.Object, int, java.lang.Object)'> (0x000000008de194f0) 
thrown [s\src\hotspot\share\interpreter\linkResolver.cpp, line 771]
Event: 38.148 Thread 0x000002b9f71fe060 Exception <a 'java/lang/NoSuchMethodError'{0x000000008de1fb68}: 'int java.lang.invoke.DirectMethodHandle$Holder.invokeInterface(java.lang.Object, java.lang.Object)'> (0x000000008de1fb68) 
thrown [s\src\hotspot\share\interpreter\linkResolver.cpp, line 771]
Event: 39.756 Thread 0x000002b9f71fe060 Exception <a 'java/lang/NoSuchMethodError'{0x000000008f3c6198}: 'java.lang.Object java.lang.invoke.DirectMethodHandle$Holder.newInvokeSpecial(java.lang.Object, java.lang.Object, java.lang.Object, java.lang.Object, java.lang.Object)'> (0x000000008f3c6198) 
thrown [s\src\hotspot\share\interpreter\linkResolver.cpp, line 771]
Event: 40.736 Thread 0x000002b9f71fe060 Implicit null exception at 0x000002b987bb66cc to 0x000002b987bb67a8
Event: 42.558 Thread 0x000002b9f71fe060 Exception <a 'java/lang/NoSuchMethodError'{0x000000008dbe3740}: 'int java.lang.invoke.DirectMethodHandle$Holder.invokeStaticInit(java.lang.Object, int)'> (0x000000008dbe3740) 
thrown [s\src\hotspot\share\interpreter\linkResolver.cpp, line 771]
Event: 42.738 Thread 0x000002b9f71fe060 Exception <a 'java/lang/NoSuchMethodError'{0x0000000093844f70}: 'java.lang.Object java.lang.invoke.DirectMethodHandle$Holder.invokeInterface(java.lang.Object, java.lang.Object, java.lang.Object)'> (0x0000000093844f70) 
thrown [s\src\hotspot\share\interpreter\linkResolver.cpp, line 771]
Event: 42.738 Thread 0x000002b9f71fe060 Exception <a 'java/lang/IncompatibleClassChangeError'{0x00000000938488e0}: Found class java.lang.Object, but interface was expected> (0x00000000938488e0) 
thrown [s\src\hotspot\share\interpreter\linkResolver.cpp, line 838]
Event: 42.952 Thread 0x000002b9f71fe060 Implicit null exception at 0x000002b987d36abc to 0x000002b987d37ac4
Event: 43.593 Thread 0x000002b9f71fe060 Exception <a 'java/lang/NoSuchMethodError'{0x00000000925deca0}: 'java.lang.Object java.lang.invoke.DirectMethodHandle$Holder.newInvokeSpecial(java.lang.Object, java.lang.Object, java.lang.Object, java.lang.Object, java.lang.Object, java.lang.Object, java.lang.Object)'> (0x00000000925deca0) 
thrown [s\src\hotspot\share\interpreter\linkResolver.cpp, line 771]
Event: 43.593 Thread 0x000002b9f71fe060 Exception <a 'java/lang/NoSuchMethodError'{0x00000000925e3da8}: 'java.lang.Object java.lang.invoke.Invokers$Holder.linkToTargetMethod(java.lang.Object, java.lang.Object, java.lang.Object, java.lang.Object, java.lang.Object, java.lang.Object, java.lang.Object)'> (0x00000000925e3da8) 
thrown [s\src\hotspot\share\interpreter\linkResolver.cpp, line 771]
Event: 49.115 Thread 0x000002b9f71fe060 Exception <a 'java/lang/NoSuchMethodError'{0x0000000091cd1280}: 'java.lang.Object java.lang.invoke.DirectMethodHandle$Holder.invokeStatic(java.lang.Object, int, java.lang.Object)'> (0x0000000091cd1280) 
thrown [s\src\hotspot\share\interpreter\linkResolver.cpp, line 771]
Event: 60.567 Thread 0x000002b9f71fe060 Exception <a 'java/lang/NoSuchMethodError'{0x000000008fe555a0}: 'java.lang.Object java.lang.invoke.DirectMethodHandle$Holder.newInvokeSpecial(java.lang.Object, int, java.lang.Object, java.lang.Object)'> (0x000000008fe555a0) 
thrown [s\src\hotspot\share\interpreter\linkResolver.cpp, line 771]
Event: 84.775 Thread 0x000002b9f71fe060 Exception <a 'java/lang/NoSuchMethodError'{0x0000000090710470}: 'java.lang.Object java.lang.invoke.DirectMethodHandle$Holder.invokeStaticInit(java.lang.Object, java.lang.Object, java.lang.Object, java.lang.Object)'> (0x0000000090710470) 
thrown [s\src\hotspot\share\interpreter\linkResolver.cpp, line 771]
Event: 91.602 Thread 0x000002b9f71fe060 Exception <a 'java/lang/NoSuchMethodError'{0x00000000935a5ea8}: 'java.lang.Object java.lang.invoke.DirectMethodHandle$Holder.newInvokeSpecial(java.lang.Object, java.lang.Object, java.lang.Object, int, int)'> (0x00000000935a5ea8) 
thrown [s\src\hotspot\share\interpreter\linkResolver.cpp, line 771]
Event: 91.603 Thread 0x000002b9f71fe060 Exception <a 'java/lang/NoSuchMethodError'{0x00000000935a9ce8}: 'java.lang.Object java.lang.invoke.DirectMethodHandle$Holder.invokeSpecial(java.lang.Object, java.lang.Object, java.lang.Object, java.lang.Object, int, int)'> (0x00000000935a9ce8) 
thrown [s\src\hotspot\share\interpreter\linkResolver.cpp, line 771]
Event: 91.762 Thread 0x000002b9f71fe060 Exception <a 'java/lang/NoSuchMethodError'{0x0000000093394a68}: 'java.lang.Object java.lang.invoke.Invokers$Holder.linkToTargetMethod(java.lang.Object, java.lang.Object, int, int, java.lang.Object, java.lang.Object, java.lang.Object, java.lang.Object, java.lang.Object)'> (0x0000000093394a68) 
thrown [s\src\hotspot\share\interpreter\linkResolver.cpp, line 771]
Event: 91.976 Thread 0x000002b9f71fe060 Exception <a 'java/lang/NoSuchMethodError'{0x00000000931029b0}: 'java.lang.Object java.lang.invoke.DirectMethodHandle$Holder.newInvokeSpecial(java.lang.Object, java.lang.Object, int, int, java.lang.Object, java.lang.Object, java.lang.Object)'> (0x00000000931029b0) 
thrown [s\src\hotspot\share\interpreter\linkResolver.cpp, line 771]
Event: 91.977 Thread 0x000002b9f71fe060 Exception <a 'java/lang/NoSuchMethodError'{0x0000000093107258}: 'java.lang.Object java.lang.invoke.DirectMethodHandle$Holder.invokeSpecial(java.lang.Object, java.lang.Object, java.lang.Object, int, int, java.lang.Object, java.lang.Object, java.lang.Object)'> (0x0000000093107258) 
thrown [s\src\hotspot\share\interpreter\linkResolver.cpp, line 771]
Event: 93.304 Thread 0x000002b9f71fe060 Implicit null exception at 0x000002b987bafbf0 to 0x000002b987bafe1c

VM Operations (20 events):
Event: 97.016 Executing VM operation: HandshakeAllThreads done
Event: 97.031 Executing VM operation: ICBufferFull
Event: 97.032 Executing VM operation: ICBufferFull done
Event: 97.166 Executing VM operation: ICBufferFull
Event: 97.166 Executing VM operation: ICBufferFull done
Event: 97.196 Executing VM operation: HandshakeAllThreads
Event: 97.196 Executing VM operation: HandshakeAllThreads done
Event: 97.269 Executing VM operation: G1CollectForAllocation
Event: 97.277 Executing VM operation: G1CollectForAllocation done
Event: 97.329 Executing VM operation: G1CollectForAllocation
Event: 97.336 Executing VM operation: G1CollectForAllocation done
Event: 97.494 Executing VM operation: ICBufferFull
Event: 97.494 Executing VM operation: ICBufferFull done
Event: 97.844 Executing VM operation: ICBufferFull
Event: 97.844 Executing VM operation: ICBufferFull done
Event: 98.217 Executing VM operation: HandshakeAllThreads
Event: 98.217 Executing VM operation: HandshakeAllThreads done
Event: 98.238 Executing VM operation: HandshakeAllThreads
Event: 98.238 Executing VM operation: HandshakeAllThreads done
Event: 98.264 Executing VM operation: G1CollectForAllocation

Events (20 events):
Event: 97.221 Thread 0x000002b9911713f0 flushing nmethod 0x000002b981c9ee10
Event: 97.221 Thread 0x000002b9911713f0 flushing nmethod 0x000002b981ca8f90
Event: 97.221 Thread 0x000002b9911713f0 flushing nmethod 0x000002b981cbaf10
Event: 97.221 Thread 0x000002b9911713f0 flushing nmethod 0x000002b981cbde10
Event: 97.221 Thread 0x000002b9911713f0 flushing nmethod 0x000002b981ccfd90
Event: 97.222 Thread 0x000002b9911713f0 flushing nmethod 0x000002b981daaf90
Event: 97.222 Thread 0x000002b9911713f0 flushing nmethod 0x000002b981e1c090
Event: 97.222 Thread 0x000002b9911713f0 flushing nmethod 0x000002b981e26f10
Event: 97.222 Thread 0x000002b9911713f0 flushing nmethod 0x000002b981e2b710
Event: 97.223 Thread 0x000002b9911713f0 flushing nmethod 0x000002b981e96210
Event: 98.088 loading class java/io/FileOutputStream$1
Event: 98.096 loading class java/io/FileOutputStream$1 done
Event: 98.247 loading class java/util/Comparators$NullComparator
Event: 98.248 loading class java/util/Comparators$NullComparator done
Event: 98.260 loading class java/util/IdentityHashMap$KeyIterator
Event: 98.262 loading class java/util/IdentityHashMap$IdentityHashMapIterator
Event: 98.263 loading class java/util/IdentityHashMap$IdentityHashMapIterator done
Event: 98.263 loading class java/util/IdentityHashMap$KeyIterator done
Event: 98.264 Thread 0x000002b9f71fe060 Thread exited: 0x000002b9f71fe060
Event: 98.264 Thread 0x000002b997cedef0 Thread added: 0x000002b997cedef0


Dynamic libraries:
0x00007ff615960000 - 0x00007ff61596a000 	C:\Program Files\Android\Android Studio\jbr\bin\java.exe
0x00007ffc19970000 - 0x00007ffc19b86000 	C:\WINDOWS\SYSTEM32\ntdll.dll
0x00007ffc18220000 - 0x00007ffc182e4000 	C:\WINDOWS\System32\KERNEL32.DLL
0x00007ffc17250000 - 0x00007ffc175f7000 	C:\WINDOWS\System32\KERNELBASE.dll
0x00007ffc16c90000 - 0x00007ffc16da1000 	C:\WINDOWS\System32\ucrtbase.dll
0x00007ffbed280000 - 0x00007ffbed29b000 	C:\Program Files\Android\Android Studio\jbr\bin\VCRUNTIME140.dll
0x00007ffba6e10000 - 0x00007ffba6e27000 	C:\Program Files\Android\Android Studio\jbr\bin\jli.dll
0x00007ffc17cc0000 - 0x00007ffc17e6e000 	C:\WINDOWS\System32\USER32.dll
0x00007ffc17600000 - 0x00007ffc17626000 	C:\WINDOWS\System32\win32u.dll
0x00007ffc03420000 - 0x00007ffc036b3000 	C:\WINDOWS\WinSxS\amd64_microsoft.windows.common-controls_6595b64144ccf1df_6.0.22621.3235_none_270f74e173860f98\COMCTL32.dll
0x00007ffc18460000 - 0x00007ffc18489000 	C:\WINDOWS\System32\GDI32.dll
0x00007ffc18ad0000 - 0x00007ffc18b77000 	C:\WINDOWS\System32\msvcrt.dll
0x00007ffc16db0000 - 0x00007ffc16ec9000 	C:\WINDOWS\System32\gdi32full.dll
0x00007ffc171b0000 - 0x00007ffc1724a000 	C:\WINDOWS\System32\msvcp_win.dll
0x00007ffc17c80000 - 0x00007ffc17cb1000 	C:\WINDOWS\System32\IMM32.DLL
0x00007ffc02de0000 - 0x00007ffc02dec000 	C:\Program Files\Android\Android Studio\jbr\bin\vcruntime140_1.dll
0x00007ffba0560000 - 0x00007ffba05ed000 	C:\Program Files\Android\Android Studio\jbr\bin\msvcp140.dll
0x00007ffba7230000 - 0x00007ffba7eb0000 	C:\Program Files\Android\Android Studio\jbr\bin\server\jvm.dll
0x00007ffc18680000 - 0x00007ffc18732000 	C:\WINDOWS\System32\ADVAPI32.dll
0x00007ffc18b80000 - 0x00007ffc18c28000 	C:\WINDOWS\System32\sechost.dll
0x00007ffc16f90000 - 0x00007ffc16fb8000 	C:\WINDOWS\System32\bcrypt.dll
0x00007ffc17b60000 - 0x00007ffc17c75000 	C:\WINDOWS\System32\RPCRT4.dll
0x00007ffc0f8f0000 - 0x00007ffc0f924000 	C:\WINDOWS\SYSTEM32\WINMM.dll
0x00007ffc0c640000 - 0x00007ffc0c64a000 	C:\WINDOWS\SYSTEM32\VERSION.dll
0x00007ffc00d10000 - 0x00007ffc00d19000 	C:\WINDOWS\SYSTEM32\WSOCK32.dll
0x00007ffc17ae0000 - 0x00007ffc17b51000 	C:\WINDOWS\System32\WS2_32.dll
0x00007ffc15dc0000 - 0x00007ffc15dd8000 	C:\WINDOWS\SYSTEM32\kernel.appcore.dll
0x00007ffbecfd0000 - 0x00007ffbecfda000 	C:\Program Files\Android\Android Studio\jbr\bin\jimage.dll
0x00007ffc0dbd0000 - 0x00007ffc0de03000 	C:\WINDOWS\SYSTEM32\DBGHELP.DLL
0x00007ffc176a0000 - 0x00007ffc17a28000 	C:\WINDOWS\System32\combase.dll
0x00007ffc185a0000 - 0x00007ffc18677000 	C:\WINDOWS\System32\OLEAUT32.dll
0x00007ffc030f0000 - 0x00007ffc03122000 	C:\WINDOWS\SYSTEM32\dbgcore.DLL
0x00007ffc17130000 - 0x00007ffc171a9000 	C:\WINDOWS\System32\bcryptPrimitives.dll
0x00007ffba7200000 - 0x00007ffba7225000 	C:\Program Files\Android\Android Studio\jbr\bin\java.dll
0x00007ffbcb1f0000 - 0x00007ffbcb208000 	C:\Program Files\Android\Android Studio\jbr\bin\zip.dll
0x00007ffc190b0000 - 0x00007ffc1990c000 	C:\WINDOWS\System32\SHELL32.dll
0x00007ffc14c00000 - 0x00007ffc154f9000 	C:\WINDOWS\SYSTEM32\windows.storage.dll
0x00007ffc14ac0000 - 0x00007ffc14bfe000 	C:\WINDOWS\SYSTEM32\wintypes.dll
0x00007ffc187a0000 - 0x00007ffc18893000 	C:\WINDOWS\System32\SHCORE.dll
0x00007ffc18740000 - 0x00007ffc1879e000 	C:\WINDOWS\System32\shlwapi.dll
0x00007ffc16bc0000 - 0x00007ffc16be1000 	C:\WINDOWS\SYSTEM32\profapi.dll
0x00007ffbaf440000 - 0x00007ffbaf459000 	C:\Program Files\Android\Android Studio\jbr\bin\net.dll
0x00007ffc0fdc0000 - 0x00007ffc0fef6000 	C:\WINDOWS\SYSTEM32\WINHTTP.dll
0x00007ffc16230000 - 0x00007ffc16299000 	C:\WINDOWS\system32\mswsock.dll
0x00007ffba71e0000 - 0x00007ffba71f6000 	C:\Program Files\Android\Android Studio\jbr\bin\nio.dll
0x00007ffbca540000 - 0x00007ffbca550000 	C:\Program Files\Android\Android Studio\jbr\bin\verify.dll

dbghelp: loaded successfully - version: 4.0.5 - missing functions: none
symbol engine: initialized successfully - sym options: 0x614 - pdb path: .;C:\Program Files\Android\Android Studio\jbr\bin;C:\WINDOWS\SYSTEM32;C:\WINDOWS\WinSxS\amd64_microsoft.windows.common-controls_6595b64144ccf1df_6.0.22621.3235_none_270f74e173860f98;C:\Program Files\Android\Android Studio\jbr\bin\server

VM Arguments:
java_command: org.jetbrains.kotlin.cli.jvm.K2JVMCompiler @C:\Users\Keightly\AndroidStudioProjects\SyncPlus\app\build\20240503_9099604227545644124.compiler.options
java_class_path (initial): C:\Users\Keightly\.gradle\caches\modules-2\files-2.1\org.jetbrains.kotlin\kotlin-compiler-embeddable\1.9.22\9cd4dc7773cf2a99ecd961a88fbbc9a2da3fb5e1\kotlin-compiler-embeddable-1.9.22.jar;C:\Users\Keightly\.gradle\caches\modules-2\files-2.1\org.jetbrains.kotlin\kotlin-stdlib\1.9.22\d6c44cd08d8f3f9bece8101216dbe6553365c6e3\kotlin-stdlib-1.9.22.jar;C:\Users\Keightly\.gradle\caches\modules-2\files-2.1\org.jetbrains.kotlin\kotlin-script-runtime\1.9.22\f8139a46fc677ec9badc49ae954392f4f5e7e7c7\kotlin-script-runtime-1.9.22.jar;C:\Users\Keightly\.gradle\caches\modules-2\files-2.1\org.jetbrains.kotlin\kotlin-reflect\1.6.10\1cbe9c92c12a94eea200d23c2bbaedaf3daf5132\kotlin-reflect-1.6.10.jar;C:\Users\Keightly\.gradle\caches\modules-2\files-2.1\org.jetbrains.kotlin\kotlin-daemon-embeddable\1.9.22\20e2c5df715f3240c765cfc222530e2796542021\kotlin-daemon-embeddable-1.9.22.jar;C:\Users\Keightly\.gradle\caches\modules-2\files-2.1\org.jetbrains.intellij.deps\trove4j\1.0.20200330\3afb14d5f9ceb459d724e907a21145e8ff394f02\trove4j-1.0.20200330.jar;C:\Users\Keightly\.gradle\caches\modules-2\files-2.1\org.jetbrains\annotations\13.0\919f0dfe192fb4e063e7dacadee7f8bb9a2672a9\annotations-13.0.jar
Launcher Type: SUN_STANDARD

[Global flags]
     intx CICompilerCount                          = 4                                         {product} {ergonomic}
     uint ConcGCThreads                            = 3                                         {product} {ergonomic}
     uint G1ConcRefinementThreads                  = 10                                        {product} {ergonomic}
   size_t G1HeapRegionSize                         = 1048576                                   {product} {ergonomic}
    uintx GCDrainStackTargetSize                   = 64                                        {product} {ergonomic}
   size_t InitialHeapSize                          = 125829120                                 {product} {ergonomic}
   size_t MarkStackSize                            = 4194304                                   {product} {ergonomic}
   size_t MaxHeapSize                              = 1983905792                                {product} {ergonomic}
   size_t MaxNewSize                               = 1190133760                                {product} {ergonomic}
   size_t MinHeapDeltaBytes                        = 1048576                                   {product} {ergonomic}
   size_t MinHeapSize                              = 8388608                                   {product} {ergonomic}
    uintx NonNMethodCodeHeapSize                   = 5839372                                {pd product} {ergonomic}
    uintx NonProfiledCodeHeapSize                  = 122909434                              {pd product} {ergonomic}
    uintx ProfiledCodeHeapSize                     = 122909434                              {pd product} {ergonomic}
    uintx ReservedCodeCacheSize                    = 251658240                              {pd product} {ergonomic}
     bool SegmentedCodeCache                       = true                                      {product} {ergonomic}
   size_t SoftMaxHeapSize                          = 1983905792                             {manageable} {ergonomic}
     bool UseCompressedClassPointers               = true                           {product lp64_product} {ergonomic}
     bool UseCompressedOops                        = true                           {product lp64_product} {ergonomic}
     bool UseG1GC                                  = true                                      {product} {ergonomic}
     bool UseLargePagesIndividualAllocation        = false                                  {pd product} {ergonomic}

Logging:
Log output configuration:
 #0: stdout all=warning uptime,level,tags
 #1: stderr all=off uptime,level,tags

Environment Variables:
JAVA_HOME=C:\Program Files\Java\jdk-21
PATH=C:\AppNewUpdate\db_home_New\bin;C:\AppNew\db_home_New\bin;C:\AppNew\db_home\bin;C:\app\Keightly\product\21c\dbhomeXE\bin;C:\Program Files\Python310\Scripts\;C:\Program Files\Python310\;C:\Program Files\Common Files\Oracle\Java\javapath;C:\WINDOWS\system32;C:\WINDOWS;C:\WINDOWS\System32\Wbem;C:\WINDOWS\System32\WindowsPowerShell\v1.0\;C:\WINDOWS\System32\OpenSSH\;C:\Program Files\Java\jdk-21;C:\Program Files\PuTTY\;C:\Program Files\Git\cmd;C:\Program Files (x86)\Microsoft SQL Server\160\Tools\Binn\;C:\Program Files\Microsoft SQL Server\160\Tools\Binn\;C:\Program Files\Microsoft SQL Server\Client SDK\ODBC\170\Tools\Binn\;C:\Program Files\Microsoft SQL Server\160\DTS\Binn\;C:\Program Files (x86)\Microsoft SQL Server\160\DTS\Binn\;C:\Program Files\Azure Data Studio\bin;C:\Program Files\Microsoft SQL Server\150\Tools\Binn\;C:\Users\Keightly\OneDrive\Documents\SQL\New\bin;C:\Program Files\dotnet\;C:\Program Files\MongoDB\Server\6.0\bin;C:\Program Files\Microsoft\Azure Functions Core Tools\;C:\Program Files\Java\jdk-21\bin;C:\Program Files\Android\Android Studio\gradle-8.6;C:\Users\Keightly\StudioProjects;C:\Users\Keightly\source\repos;C:\Program Files\MySQL\MySQL Shell 8.0\bin\;C:\Users\Keightly\AppData\Local\Microsoft\WindowsApps;C:\ProgramData\Keightly\GitHubDesktop\bin;C:\Program Files\JetBrains\PyCharm 2022.2.2\bin;;C:\Program Files\Azure Data Studio\bin;C:\Users\Keightly\.dotnet\tools;C:\Program Files\heroku\bin
USERNAME=Keightly
OS=Windows_NT
PROCESSOR_IDENTIFIER=AMD64 Family 23 Model 104 Stepping 1, AuthenticAMD
TMP=C:\Users\Keightly\AppData\Local\Temp
TEMP=C:\Users\Keightly\AppData\Local\Temp


JNI global refs:
JNI global refs: 9, weak refs: 0

JNI global refs memory usage: 843, weak refs: 209

OOME stack traces (most recent first):
Classloader memory used:
Loader jdk.internal.loader.ClassLoaders$AppClassLoader                                 : 8692K
Loader bootstrap                                                                       : 1352K
Loader jdk.internal.reflect.DelegatingClassLoader                                      : 17537B


---------------  S Y S T E M  ---------------

OS:
 Windows 11 , 64 bit Build 22621 (10.0.22621.3374)
OS uptime: 1 days 4:39 hours

CPU: total 12 (initial active 12) (12 cores per cpu, 2 threads per core) family 23 model 104 stepping 1 microcode 0x0, cx8, cmov, fxsr, ht, mmx, 3dnowpref, sse, sse2, sse3, ssse3, sse4a, sse4.1, sse4.2, popcnt, lzcnt, tsc, tscinvbit, avx, avx2, aes, clmul, bmi1, bmi2, adx, sha, fma, vzeroupper, clflush, clflushopt

Memory: 4k page, system-wide physical 7563M (5M free)
TotalPageFile size 31115M (AvailPageFile size 149M)
current process WorkingSet (physical memory assigned to process): 172M, peak: 286M
current process commit charge ("private bytes"): 420M, peak: 592M

vm_info: OpenJDK 64-Bit Server VM (17.0.7+0-b2043.56-10550314) for windows-amd64 JRE (17.0.7+0-b2043.56-10550314), built on Jul 24 2023 18:27:45 by "androidbuild" with MS VC++ 16.10 / 16.11 (VS2019)

END.
